<html>
<head>
<title>TestNG:  Fourth Wave</title>
<link href="../testng.css" rel="stylesheet" type="text/css" />
<link href="../my-testng.css" rel="stylesheet" type="text/css" />

<style type="text/css">
.log { display: none;} 
.stack-trace { display: none;} 
</style>
<script type="text/javascript">
<!--
function flip(e) {
  current = e.style.display;
  if (current == 'block') {
    e.style.display = 'none';
    return 0;
  }
  else {
    e.style.display = 'block';
    return 1;
  }
}

function toggleBox(szDivId, elem, msg1, msg2)
{
  var res = -1;  if (document.getElementById) {
    res = flip(document.getElementById(szDivId));
  }
  else if (document.all) {
    // this is the way old msie versions work
    res = flip(document.all[szDivId]);
  }
  if(elem) {
    if(res == 0) elem.innerHTML = msg1; else elem.innerHTML = msg2;
  }

}

function toggleAllBoxes() {
  if (document.getElementsByTagName) {
    d = document.getElementsByTagName('div');
    for (i = 0; i < d.length; i++) {
      if (d[i].className == 'log') {
        flip(d[i]);
      }
    }
  }
}

// -->
</script>

</head>
<body>
<h2 align='center'>Fourth Wave</h2><table border='1' align="center">
<tr>
<td>Tests passed/Failed/Skipped:</td><td>17/1/2</td>
</tr><tr>
<td>Started on:</td><td>Sun May 14 00:58:26 IDT 2017</td>
</tr>
<tr><td>Total time:</td><td>1 seconds (1633 ms)</td>
</tr><tr>
<td>Included groups:</td><td></td>
</tr><tr>
<td>Excluded groups:</td><td></td>
</tr>
</table><p/>
<small><i>(Hover the method name to see the test class name)</i></small><p/>
<table width='100%' border='1' class='invocation-failed'>
<tr><td colspan='4' align='center'><b>FAILED CONFIGURATIONS</b></td></tr>
<tr><td><b>Test method</b></td>
<td width="30%"><b>Exception</b></td>
<td width="10%"><b>Time (seconds)</b></td>
<td><b>Instance</b></td>
</tr>
<tr>
<td title='il.co.topq.difido.DifidoReporterTestsPart1.setUp()'><b>setUp</b><br>Test class: il.co.topq.difido.DifidoReporterTestsPart1 (null  null)<br>Parameters: [Ljava.lang.Object;@467aecef</td>
<td><div><pre>java.lang.Exception: My failure at before method
	at il.co.topq.difido.DifidoReporterTestsPart1.setUp(DifidoReporterTestsPart1.java:40)
	at java.util.concurrent.FutureTask.run(FutureTask.java:266)
	at java.util.concurrent.Executors$RunnableAdapter.call(Executors.java:511)
	at java.util.concurrent.FutureTask.run(FutureTask.java:266)
	at java.util.concurrent.ThreadPoolExecutor.runWorker(ThreadPoolExecutor.java:1142)
	at java.util.concurrent.ThreadPoolExecutor$Worker.run(ThreadPoolExecutor.java:617)
	at java.lang.Thread.run(Thread.java:745)
... Removed 11 stack frames</pre></div><a href='#' onClick='toggleBox("stack-trace2029434503", this, "Click to show all stack frames", "Click to hide stack frames")'>Click to show all stack frames</a>
<div class='stack-trace' id='stack-trace2029434503'><pre>java.lang.Exception: My failure at before method
	at il.co.topq.difido.DifidoReporterTestsPart1.setUp(DifidoReporterTestsPart1.java:40)
	at sun.reflect.NativeMethodAccessorImpl.invoke0(Native Method)
	at sun.reflect.NativeMethodAccessorImpl.invoke(NativeMethodAccessorImpl.java:62)
	at sun.reflect.DelegatingMethodAccessorImpl.invoke(DelegatingMethodAccessorImpl.java:43)
	at java.lang.reflect.Method.invoke(Method.java:498)
	at org.testng.internal.MethodInvocationHelper.invokeMethod(MethodInvocationHelper.java:108)
	at org.testng.internal.Invoker.invokeConfigurationMethod(Invoker.java:523)
	at org.testng.internal.Invoker.invokeConfigurations(Invoker.java:224)
	at org.testng.internal.Invoker.invokeMethod(Invoker.java:599)
	at org.testng.internal.Invoker.invokeTestMethod(Invoker.java:869)
	at org.testng.internal.TestMethodWithDataProviderMethodWorker.call(TestMethodWithDataProviderMethodWorker.java:75)
	at org.testng.internal.TestMethodWithDataProviderMethodWorker.call(TestMethodWithDataProviderMethodWorker.java:14)
	at java.util.concurrent.FutureTask.run(FutureTask.java:266)
	at java.util.concurrent.Executors$RunnableAdapter.call(Executors.java:511)
	at java.util.concurrent.FutureTask.run(FutureTask.java:266)
	at java.util.concurrent.ThreadPoolExecutor.runWorker(ThreadPoolExecutor.java:1142)
	at java.util.concurrent.ThreadPoolExecutor$Worker.run(ThreadPoolExecutor.java:617)
	at java.lang.Thread.run(Thread.java:745)
</pre></div></td>
<td>0</td>
<td>il.co.topq.difido.DifidoReporterTestsPart1@42e26948</td></tr>
</table><p>
<table width='100%' border='1' class='invocation-skipped'>
<tr><td colspan='4' align='center'><b>SKIPPED CONFIGURATIONS</b></td></tr>
<tr><td><b>Test method</b></td>
<td width="30%"><b>Exception</b></td>
<td width="10%"><b>Time (seconds)</b></td>
<td><b>Instance</b></td>
</tr>
<tr>
<td title='il.co.topq.difido.DifidoReporterTestsPart1.tearDown()'><b>tearDown</b><br>Test class: il.co.topq.difido.DifidoReporterTestsPart1 (null  null)</td>
<td></td>
<td>0</td>
<td>il.co.topq.difido.DifidoReporterTestsPart1@42e26948</td></tr>
<tr>
<td title='il.co.topq.difido.DifidoReporterTestsPart1.tearDown()'><b>tearDown</b><br>Test class: il.co.topq.difido.DifidoReporterTestsPart1 (null  null)</td>
<td></td>
<td>0</td>
<td>il.co.topq.difido.DifidoReporterTestsPart1@42e26948</td></tr>
<tr>
<td title='il.co.topq.difido.DifidoReporterTestsPart1.tearDown()'><b>tearDown</b><br>Test class: il.co.topq.difido.DifidoReporterTestsPart1 (null  null)</td>
<td></td>
<td>0</td>
<td>il.co.topq.difido.DifidoReporterTestsPart1@42e26948</td></tr>
<tr>
<td title='il.co.topq.difido.DifidoReporterTestsPart1.tearDown()'><b>tearDown</b><br>Test class: il.co.topq.difido.DifidoReporterTestsPart1 (null  null)</td>
<td></td>
<td>0</td>
<td>il.co.topq.difido.DifidoReporterTestsPart1@42e26948</td></tr>
<tr>
<td title='il.co.topq.difido.DifidoReporterTestsPart1.tearDown()'><b>tearDown</b><br>Test class: il.co.topq.difido.DifidoReporterTestsPart1 (null  null)</td>
<td></td>
<td>0</td>
<td>il.co.topq.difido.DifidoReporterTestsPart1@42e26948</td></tr>
</table><p>
<table width='100%' border='1' class='invocation-failed'>
<tr><td colspan='4' align='center'><b>FAILED TESTS</b></td></tr>
<tr><td><b>Test method</b></td>
<td width="30%"><b>Exception</b></td>
<td width="10%"><b>Time (seconds)</b></td>
<td><b>Instance</b></td>
</tr>
<tr>
<td title='il.co.topq.difido.DifidoReporterTestsPart1.testWithFailure()'><b>testWithFailure</b><br>Test class: il.co.topq.difido.DifidoReporterTestsPart1 (null  null)<br>Test method: simple test with a report failure<br>Parameters: arg0  null</td>
<td><div><pre>java.lang.Exception: This is my failure
	at il.co.topq.difido.DifidoReporterTestsPart1.testWithFailure(DifidoReporterTestsPart1.java:97)
	at java.util.concurrent.FutureTask.run(FutureTask.java:266)
	at java.util.concurrent.Executors$RunnableAdapter.call(Executors.java:511)
	at java.util.concurrent.FutureTask.run(FutureTask.java:266)
	at java.util.concurrent.ThreadPoolExecutor.runWorker(ThreadPoolExecutor.java:1142)
	at java.util.concurrent.ThreadPoolExecutor$Worker.run(ThreadPoolExecutor.java:617)
	at java.lang.Thread.run(Thread.java:745)
... Removed 9 stack frames</pre></div><a href='#' onClick='toggleBox("stack-trace1556042922", this, "Click to show all stack frames", "Click to hide stack frames")'>Click to show all stack frames</a>
<div class='stack-trace' id='stack-trace1556042922'><pre>java.lang.Exception: This is my failure
	at il.co.topq.difido.DifidoReporterTestsPart1.testWithFailure(DifidoReporterTestsPart1.java:97)
	at sun.reflect.NativeMethodAccessorImpl.invoke0(Native Method)
	at sun.reflect.NativeMethodAccessorImpl.invoke(NativeMethodAccessorImpl.java:62)
	at sun.reflect.DelegatingMethodAccessorImpl.invoke(DelegatingMethodAccessorImpl.java:43)
	at java.lang.reflect.Method.invoke(Method.java:498)
	at org.testng.internal.MethodInvocationHelper.invokeMethod(MethodInvocationHelper.java:108)
	at org.testng.internal.Invoker.invokeMethod(Invoker.java:661)
	at org.testng.internal.Invoker.invokeTestMethod(Invoker.java:869)
	at org.testng.internal.TestMethodWithDataProviderMethodWorker.call(TestMethodWithDataProviderMethodWorker.java:75)
	at org.testng.internal.TestMethodWithDataProviderMethodWorker.call(TestMethodWithDataProviderMethodWorker.java:14)
	at java.util.concurrent.FutureTask.run(FutureTask.java:266)
	at java.util.concurrent.Executors$RunnableAdapter.call(Executors.java:511)
	at java.util.concurrent.FutureTask.run(FutureTask.java:266)
	at java.util.concurrent.ThreadPoolExecutor.runWorker(ThreadPoolExecutor.java:1142)
	at java.util.concurrent.ThreadPoolExecutor$Worker.run(ThreadPoolExecutor.java:617)
	at java.lang.Thread.run(Thread.java:745)
</pre></div></td>
<td>0</td>
<td>il.co.topq.difido.DifidoReporterTestsPart1@42e26948</td></tr>
</table><p>
<table width='100%' border='1' class='invocation-passed'>
<tr><td colspan='4' align='center'><b>PASSED TESTS</b></td></tr>
<tr><td><b>Test method</b></td>
<td width="30%"><b>Exception</b></td>
<td width="10%"><b>Time (seconds)</b></td>
<td><b>Instance</b></td>
</tr>
<tr>
<td title='il.co.topq.difido.DifidoReporterTestsPart1.anotherRandomTest()'><b>anotherRandomTest</b><br>Test class: il.co.topq.difido.DifidoReporterTestsPart1 (null  null)<br>Test method: simple test with 3 parameters<br>Parameters: arg0  arg1</td>
<td></td>
<td>0</td>
<td>il.co.topq.difido.DifidoReporterTestsPart1@42e26948</td></tr>
<tr>
<td title='il.co.topq.difido.DifidoReporterTestsPart1.parallelTest()'><b>parallelTest</b><br>Test class: il.co.topq.difido.DifidoReporterTestsPart1 (null  null)<br>Test method: test demonstrating the parallel feature<br>Parameters: arg0  arg1</td>
<td></td>
<td>0</td>
<td>il.co.topq.difido.DifidoReporterTestsPart1@42e26948</td></tr>
<tr>
<td title='il.co.topq.difido.DifidoReporterTestsPart1.parallelTest()'><b>parallelTest</b><br>Test class: il.co.topq.difido.DifidoReporterTestsPart1 (null  null)<br>Test method: test demonstrating the parallel feature<br>Parameters: arg2  arg3</td>
<td></td>
<td>0</td>
<td>il.co.topq.difido.DifidoReporterTestsPart1@42e26948</td></tr>
<tr>
<td title='il.co.topq.difido.DifidoReporterTestsPart1.parallelTest()'><b>parallelTest</b><br>Test class: il.co.topq.difido.DifidoReporterTestsPart1 (null  null)<br>Test method: test demonstrating the parallel feature<br>Parameters: arg6  arg7</td>
<td></td>
<td>0</td>
<td>il.co.topq.difido.DifidoReporterTestsPart1@42e26948</td></tr>
<tr>
<td title='il.co.topq.difido.DifidoReporterTestsPart1.parallelTest()'><b>parallelTest</b><br>Test class: il.co.topq.difido.DifidoReporterTestsPart1 (null  null)<br>Test method: test demonstrating the parallel feature<br>Parameters: arg4  arg5</td>
<td></td>
<td>0</td>
<td>il.co.topq.difido.DifidoReporterTestsPart1@42e26948</td></tr>
<tr>
<td title='il.co.topq.difido.DifidoReporterTestsPart1.parallelTest()'><b>parallelTest</b><br>Test class: il.co.topq.difido.DifidoReporterTestsPart1 (null  null)<br>Test method: test demonstrating the parallel feature<br>Parameters: arg8  arg9</td>
<td></td>
<td>0</td>
<td>il.co.topq.difido.DifidoReporterTestsPart1@42e26948</td></tr>
<tr>
<td title='il.co.topq.difido.DifidoReporterTestsPart1.parallelTest()'><b>parallelTest</b><br>Test class: il.co.topq.difido.DifidoReporterTestsPart1 (null  null)<br>Test method: test demonstrating the parallel feature<br>Parameters: arg10  arg11</td>
<td></td>
<td>0</td>
<td>il.co.topq.difido.DifidoReporterTestsPart1@42e26948</td></tr>
<tr>
<td title='il.co.topq.difido.DifidoReporterTestsPart1.parallelTest()'><b>parallelTest</b><br>Test class: il.co.topq.difido.DifidoReporterTestsPart1 (null  null)<br>Test method: test demonstrating the parallel feature<br>Parameters: arg12  arg13</td>
<td></td>
<td>0</td>
<td>il.co.topq.difido.DifidoReporterTestsPart1@42e26948</td></tr>
<tr>
<td title='il.co.topq.difido.DifidoReporterTestsPart1.simpleReportCall0()'><b>simpleReportCall0</b><br>Test class: il.co.topq.difido.DifidoReporterTestsPart1 (null  null)<br>Test method: simple report call<br>Parameters: arg0  arg1</td>
<td></td>
<td>1</td>
<td>il.co.topq.difido.DifidoReporterTestsPart1@42e26948</td></tr>
<tr>
<td title='il.co.topq.difido.DifidoReporterTestsPart2.testAddFile()'><b>testAddFile</b><br>Test class: il.co.topq.difido.DifidoReporterTestsPart2 (null  null)<br>Test method: test with the file adding feature, presents in a file link<br>Parameters: arg0  arg1</td>
<td></td>
<td>0</td>
<td>il.co.topq.difido.DifidoReporterTestsPart2@57baeedf</td></tr>
<tr>
<td title='il.co.topq.difido.DifidoReporterTestsPart2.testAddScreenshot()'><b>testAddScreenshot</b><br>Test class: il.co.topq.difido.DifidoReporterTestsPart2 (null  null)<br>Test method: test with screenshot adding as an image link, visible as a small tab in the difido reporter<br>Parameters: arg0  arg1</td>
<td></td>
<td>1</td>
<td>il.co.topq.difido.DifidoReporterTestsPart2@57baeedf</td></tr>
<tr>
<td title='il.co.topq.difido.DifidoReporterTestsPart2.testWithEncoding()'><b>testWithEncoding</b><br>Test class: il.co.topq.difido.DifidoReporterTestsPart2 (null  null)<br>Test method: No test name entered into annotation<br>Parameters: arg0  arg1</td>
<td></td>
<td>0</td>
<td>il.co.topq.difido.DifidoReporterTestsPart2@57baeedf</td></tr>
<tr>
<td title='il.co.topq.difido.DifidoReporterTestsPart2.testWithError()'><b>testWithError</b><br>Test class: il.co.topq.difido.DifidoReporterTestsPart2 (null  null)<br>Test method: No test name entered into annotation<br>Parameters: arg0  null</td>
<td></td>
<td>0</td>
<td>il.co.topq.difido.DifidoReporterTestsPart2@57baeedf</td></tr>
<tr>
<td title='il.co.topq.difido.DifidoReporterTestsPart1.testWithInsufficientMandatoryParams()'><b>testWithInsufficientMandatoryParams</b><br>Test class: il.co.topq.difido.DifidoReporterTestsPart1 (null  null)<br>Test method: test demonstrating mandatory params feature, auto failing a test<br>Parameters: arg0  null</td>
<td></td>
<td>0</td>
<td>il.co.topq.difido.DifidoReporterTestsPart1@42e26948</td></tr>
<tr>
<td title='il.co.topq.difido.DifidoReporterTestsPart1.testWithNoParameters()'><b>testWithNoParameters</b><br>Test class: il.co.topq.difido.DifidoReporterTestsPart1 (null  null)<br>Test method: test with no parameters<br>Parameters: null  null</td>
<td></td>
<td>0</td>
<td>il.co.topq.difido.DifidoReporterTestsPart1@42e26948</td></tr>
<tr>
<td title='il.co.topq.difido.DifidoReporterTestsPart2.testWithVariousLogMessages()'><b>testWithVariousLogMessages</b><br>Test class: il.co.topq.difido.DifidoReporterTestsPart2 (null  null)<br>Test method: a test with various report log messages<br>Parameters: arg0  arg1</td>
<td></td>
<td>0</td>
<td>il.co.topq.difido.DifidoReporterTestsPart2@57baeedf</td></tr>
<tr>
<td title='il.co.topq.difido.DifidoReporterTestsPart2.testWithWarning()'><b>testWithWarning</b><br>Test class: il.co.topq.difido.DifidoReporterTestsPart2 (null  null)<br>Test method: No test name entered into annotation<br>Parameters: arg0  arg1</td>
<td></td>
<td>0</td>
<td>il.co.topq.difido.DifidoReporterTestsPart2@57baeedf</td></tr>
</table><p>
<table width='100%' border='1' class='invocation-skipped'>
<tr><td colspan='4' align='center'><b>SKIPPED TESTS</b></td></tr>
<tr><td><b>Test method</b></td>
<td width="30%"><b>Exception</b></td>
<td width="10%"><b>Time (seconds)</b></td>
<td><b>Instance</b></td>
</tr>
<tr>
<td title='il.co.topq.difido.DifidoReporterTestsPart1.testFailOnBeforeMethod()'><b>testFailOnBeforeMethod</b><br>Test class: il.co.topq.difido.DifidoReporterTestsPart1 (null  null)<br>Test method: test with failure on the TestNG before method</td>
<td><div><pre>java.lang.Exception: My failure at before method
	at il.co.topq.difido.DifidoReporterTestsPart1.setUp(DifidoReporterTestsPart1.java:40)
	at java.util.concurrent.FutureTask.run(FutureTask.java:266)
	at java.util.concurrent.Executors$RunnableAdapter.call(Executors.java:511)
	at java.util.concurrent.FutureTask.run(FutureTask.java:266)
	at java.util.concurrent.ThreadPoolExecutor.runWorker(ThreadPoolExecutor.java:1142)
	at java.util.concurrent.ThreadPoolExecutor$Worker.run(ThreadPoolExecutor.java:617)
	at java.lang.Thread.run(Thread.java:745)
... Removed 11 stack frames</pre></div><a href='#' onClick='toggleBox("stack-trace764291208", this, "Click to show all stack frames", "Click to hide stack frames")'>Click to show all stack frames</a>
<div class='stack-trace' id='stack-trace764291208'><pre>java.lang.Exception: My failure at before method
	at il.co.topq.difido.DifidoReporterTestsPart1.setUp(DifidoReporterTestsPart1.java:40)
	at sun.reflect.NativeMethodAccessorImpl.invoke0(Native Method)
	at sun.reflect.NativeMethodAccessorImpl.invoke(NativeMethodAccessorImpl.java:62)
	at sun.reflect.DelegatingMethodAccessorImpl.invoke(DelegatingMethodAccessorImpl.java:43)
	at java.lang.reflect.Method.invoke(Method.java:498)
	at org.testng.internal.MethodInvocationHelper.invokeMethod(MethodInvocationHelper.java:108)
	at org.testng.internal.Invoker.invokeConfigurationMethod(Invoker.java:523)
	at org.testng.internal.Invoker.invokeConfigurations(Invoker.java:224)
	at org.testng.internal.Invoker.invokeMethod(Invoker.java:599)
	at org.testng.internal.Invoker.invokeTestMethod(Invoker.java:869)
	at org.testng.internal.TestMethodWithDataProviderMethodWorker.call(TestMethodWithDataProviderMethodWorker.java:75)
	at org.testng.internal.TestMethodWithDataProviderMethodWorker.call(TestMethodWithDataProviderMethodWorker.java:14)
	at java.util.concurrent.FutureTask.run(FutureTask.java:266)
	at java.util.concurrent.Executors$RunnableAdapter.call(Executors.java:511)
	at java.util.concurrent.FutureTask.run(FutureTask.java:266)
	at java.util.concurrent.ThreadPoolExecutor.runWorker(ThreadPoolExecutor.java:1142)
	at java.util.concurrent.ThreadPoolExecutor$Worker.run(ThreadPoolExecutor.java:617)
	at java.lang.Thread.run(Thread.java:745)
</pre></div></td>
<td>0</td>
<td>il.co.topq.difido.DifidoReporterTestsPart1@42e26948</td></tr>
<tr>
<td title='il.co.topq.difido.DifidoReporterTestsPart2.testWithWrongParallelMethodSignature()'><b>testWithWrongParallelMethodSignature</b><br>Test class: il.co.topq.difido.DifidoReporterTestsPart2 (null  null)</td>
<td><div><pre>java.lang.RuntimeException: java.lang.Exception: Parallel framework exception:  wrong method signature!test method: testWithWrongParallelMethodSignature must contain an Iteration argument, in class: DifidoReporterTestsPart2
	at java.util.concurrent.ThreadPoolExecutor.runWorker(ThreadPoolExecutor.java:1142)
	at java.util.concurrent.ThreadPoolExecutor$Worker.run(ThreadPoolExecutor.java:617)
	at java.lang.Thread.run(Thread.java:745)
Caused by: java.lang.Exception: Parallel framework exception:  wrong method signature!test method: testWithWrongParallelMethodSignature must contain an Iteration argument, in class: DifidoReporterTestsPart2
	at infra.parallel.jaxb.Scenarios.testMethodSignatureValidation(Scenarios.java:178)
	at infra.parallel.BaseTest.fileDataProvider(BaseTest.java:129)
	... 10 more
... Removed 14 stack frames</pre></div><a href='#' onClick='toggleBox("stack-trace1285316230", this, "Click to show all stack frames", "Click to hide stack frames")'>Click to show all stack frames</a>
<div class='stack-trace' id='stack-trace1285316230'><pre>java.lang.RuntimeException: java.lang.Exception: Parallel framework exception:  wrong method signature!test method: testWithWrongParallelMethodSignature must contain an Iteration argument, in class: DifidoReporterTestsPart2
	at org.testng.internal.MethodInvocationHelper.invokeMethodNoCheckedException(MethodInvocationHelper.java:49)
	at org.testng.internal.MethodInvocationHelper.invokeDataProvider(MethodInvocationHelper.java:115)
	at org.testng.internal.Parameters.handleParameters(Parameters.java:509)
	at org.testng.internal.Invoker.handleParameters(Invoker.java:1308)
	at org.testng.internal.Invoker.createParameters(Invoker.java:1036)
	at org.testng.internal.Invoker.invokeTestMethods(Invoker.java:1126)
	at org.testng.internal.TestMethodWorker.invokeTestMethods(TestMethodWorker.java:126)
	at org.testng.internal.TestMethodWorker.run(TestMethodWorker.java:109)
	at java.util.concurrent.ThreadPoolExecutor.runWorker(ThreadPoolExecutor.java:1142)
	at java.util.concurrent.ThreadPoolExecutor$Worker.run(ThreadPoolExecutor.java:617)
	at java.lang.Thread.run(Thread.java:745)
Caused by: java.lang.Exception: Parallel framework exception:  wrong method signature!test method: testWithWrongParallelMethodSignature must contain an Iteration argument, in class: DifidoReporterTestsPart2
	at infra.parallel.jaxb.Scenarios.testMethodSignatureValidation(Scenarios.java:178)
	at infra.parallel.BaseTest.fileDataProvider(BaseTest.java:129)
	at sun.reflect.GeneratedMethodAccessor14.invoke(Unknown Source)
	at sun.reflect.DelegatingMethodAccessorImpl.invoke(DelegatingMethodAccessorImpl.java:43)
	at java.lang.reflect.Method.invoke(Method.java:498)
	at org.testng.internal.MethodInvocationHelper.invokeMethod(MethodInvocationHelper.java:108)
	at org.testng.internal.MethodInvocationHelper.invokeMethod(MethodInvocationHelper.java:55)
	at org.testng.internal.MethodInvocationHelper.invokeMethodNoCheckedException(MethodInvocationHelper.java:45)
	... 10 more
</pre></div></td>
<td>0</td>
<td>il.co.topq.difido.DifidoReporterTestsPart2@57baeedf</td></tr>
</table><p>
</body>
</html>